0 verbose cli /usr/local/bin/node /usr/local/bin/npm
1 info using npm@8.7.0
2 info using node@v16.14.2
3 timing npm:load:whichnode Completed in 0ms
4 timing config:load:defaults Completed in 5ms
5 timing config:load:file:/usr/local/lib/node_modules/npm/npmrc Completed in 2ms
6 timing config:load:builtin Completed in 3ms
7 timing config:load:cli Completed in 4ms
8 timing config:load:env Completed in 1ms
9 timing config:load:project Completed in 14ms
10 timing config:load:file:/home/container/.npmrc Completed in 1ms
11 timing config:load:user Completed in 1ms
12 timing config:load:file:/usr/local/etc/npmrc Completed in 0ms
13 timing config:load:global Completed in 1ms
14 timing config:load:validate Completed in 0ms
15 timing config:load:credentials Completed in 1ms
16 timing config:load:setEnvs Completed in 2ms
17 timing config:load Completed in 34ms
18 timing npm:load:configload Completed in 34ms
19 timing npm:load:mkdirpcache Completed in 2ms
20 timing npm:load:mkdirplogs Completed in 1ms
21 verbose title npm install discord-player
22 verbose argv "install" "discord-player"
23 timing npm:load:setTitle Completed in 1ms
24 timing config:load:flatten Completed in 4ms
25 timing npm:load:display Completed in 12ms
26 verbose logfile logs-max:10 dir:/home/container/.npm/_logs
27 verbose logfile /home/container/.npm/_logs/2022-04-18T07_58_36_584Z-debug-0.log
28 timing npm:load:logFile Completed in 9ms
29 timing npm:load:timers Completed in 0ms
30 timing npm:load:configScope Completed in 0ms
31 timing npm:load Completed in 60ms
32 timing arborist:ctor Completed in 2ms
33 silly logfile start cleaning logs, removing 1 files
34 silly logfile done cleaning log files
35 timing idealTree:init Completed in 886ms
36 timing idealTree:userRequests Completed in 15ms
37 silly idealTree buildDeps
38 silly fetch manifest discord-player@^5.2.2
39 timing arborist:ctor Completed in 0ms
40 http fetch GET 200 https://registry.npmjs.org/discord-player 777ms (cache hit)
41 silly placeDep ROOT discord-player@5.2.2 REPLACE for: nodejs-custom-version@1.0.0 want: ^5.2.2
42 timing idealTree:#root Completed in 798ms
43 timing idealTree:node_modules/discord-player Completed in 0ms
44 timing idealTree:buildDeps Completed in 801ms
45 timing idealTree:fixDepFlags Completed in 33ms
46 timing idealTree Completed in 1757ms
47 timing reify:loadTrees Completed in 1758ms
48 timing reify:diffTrees Completed in 28ms
49 silly reify moves {}
50 timing reify:retireShallow Completed in 2ms
51 timing reify:createSparse Completed in 0ms
52 timing reify:loadBundles Completed in 0ms
53 silly audit bulk request {
53 silly audit   '@babel/code-frame': [ '7.16.7' ],
53 silly audit   '@babel/helper-validator-identifier': [ '7.16.7' ],
53 silly audit   '@babel/highlight': [ '7.17.9' ],
53 silly audit   'ansi-styles': [ '3.2.1', '4.3.0' ],
53 silly audit   chalk: [ '2.4.2', '4.1.2' ],
53 silly audit   'color-convert': [ '1.9.3', '2.0.1' ],
53 silly audit   'color-name': [ '1.1.3', '1.1.4' ],
53 silly audit   'has-flag': [ '3.0.0', '4.0.0' ],
53 silly audit   'supports-color': [ '5.5.0', '7.2.0' ],
53 silly audit   '@babel/runtime': [ '7.17.9' ],
53 silly audit   '@discordjs/builders': [ '0.11.0' ],
53 silly audit   '@discordjs/collection': [ '0.4.0', '0.1.6' ],
53 silly audit   '@discordjs/form-data': [ '3.0.1' ],
53 silly audit   '@discordjs/voice': [ '0.8.0' ],
53 silly audit   '@distube/youtube-dl': [ '2.2.4' ],
53 silly audit   '@distube/ytdl-core': [ '4.11.3' ],
53 silly audit   '@distube/ytpl': [ '1.1.1' ],
53 silly audit   '@distube/ytsr': [ '1.1.5' ],
53 silly audit   '@jimp/bmp': [ '0.16.1' ],
53 silly audit   '@jimp/core': [ '0.16.1' ],
53 silly audit   mkdirp: [ '0.5.6', '1.0.4' ],
53 silly audit   '@jimp/custom': [ '0.16.1' ],
53 silly audit   '@jimp/gif': [ '0.16.1' ],
53 silly audit   '@jimp/jpeg': [ '0.16.1' ],
53 silly audit   '@jimp/plugin-blit': [ '0.16.1' ],
53 silly audit   '@jimp/plugin-blur': [ '0.16.1' ],
53 silly audit   '@jimp/plugin-circle': [ '0.16.1' ],
53 silly audit   '@jimp/plugin-color': [ '0.16.1' ],
53 silly audit   '@jimp/plugin-contain': [ '0.16.1' ],
53 silly audit   '@jimp/plugin-cover': [ '0.16.1' ],
53 silly audit   '@jimp/plugin-crop': [ '0.16.1' ],
53 silly audit   '@jimp/plugin-displace': [ '0.16.1' ],
53 silly audit   '@jimp/plugin-dither': [ '0.16.1' ],
53 silly audit   '@jimp/plugin-fisheye': [ '0.16.1' ],
53 silly audit   '@jimp/plugin-flip': [ '0.16.1' ],
53 silly audit   '@jimp/plugin-gaussian': [ '0.16.1' ],
53 silly audit   '@jimp/plugin-invert': [ '0.16.1' ],
53 silly audit   '@jimp/plugin-mask': [ '0.16.1' ],
53 silly audit   '@jimp/plugin-normalize': [ '0.16.1' ],
53 silly audit   '@jimp/plugin-print': [ '0.16.1' ],
53 silly audit   '@jimp/plugin-resize': [ '0.16.1' ],
53 silly audit   '@jimp/plugin-rotate': [ '0.16.1' ],
53 silly audit   '@jimp/plugin-scale': [ '0.16.1' ],
53 silly audit   '@jimp/plugin-shadow': [ '0.16.1' ],
53 silly audit   '@jimp/plugin-threshold': [ '0.16.1' ],
53 silly audit   '@jimp/plugins': [ '0.16.1' ],
53 silly audit   '@jimp/png': [ '0.16.1' ],
53 silly audit   '@jimp/tiff': [ '0.16.1' ],
53 silly audit   '@jimp/types': [ '0.16.1' ],
53 silly audit   '@jimp/utils': [ '0.16.1' ],
53 silly audit   '@mapbox/node-pre-gyp': [ '1.0.9' ],
53 silly audit   '@sapphire/async-queue': [ '1.3.1' ],
53 silly audit   '@sindresorhus/is': [ '4.6.0' ],
53 silly audit   '@szmarczak/http-timer': [ '4.0.6' ],
53 silly audit   '@tootallnate/once': [ '1.1.2' ],
53 silly audit   '@types/bson': [ '4.0.5' ],
53 silly audit   '@types/cacheable-request': [ '6.0.2' ],
53 silly audit   '@types/http-cache-semantics': [ '4.0.1' ],
53 silly audit   '@types/json-buffer': [ '3.0.0' ],
53 silly audit   '@types/json5': [ '0.0.29' ],
53 silly audit   '@types/keyv': [ '3.1.4' ],
53 silly audit   '@types/mongodb': [ '3.6.20' ],
53 silly audit   '@types/node': [ '17.0.24', '14.18.13', '16.9.1', '15.14.9' ],
53 silly audit   '@types/node-fetch': [ '2.6.1' ],
53 silly audit   'form-data': [ '3.0.1', '4.0.0', '2.3.3' ],
53 silly audit   '@types/responselike': [ '1.0.0' ],
53 silly audit   '@types/webidl-conversions': [ '6.1.1' ],
53 silly audit   '@types/whatwg-url': [ '8.2.1' ],
53 silly audit   '@types/ws': [ '8.5.3' ],
53 silly audit   '@weky/inlinereply': [ '0.0.0' ],
53 silly audit   'discord.js': [ '12.5.3', '13.6.0' ],
53 silly audit   tweetnacl: [ '1.0.3', '0.14.5' ],
53 silly audit   ws: [ '7.5.7', '8.5.0' ],
53 silly audit   abab: [ '2.0.6' ],
53 silly audit   abbrev: [ '1.1.1' ],
53 silly audit   'abort-controller': [ '3.0.0' ],
53 silly audit   accepts: [ '1.3.8' ],
53 silly audit   acorn: [ '6.4.2', '7.4.1', '8.7.0' ],
53 silly audit   'acorn-globals': [ '6.0.0' ],
53 silly audit   'acorn-jsx': [ '5.3.2' ],
53 silly audit   'acorn-walk': [ '7.2.0' ],
53 silly audit   'agent-base': [ '6.0.2' ],
53 silly audit   debug: [ '4.3.4', '2.6.9', '3.2.7', '3.1.0' ],
53 silly audit   ms: [ '2.1.2', '2.0.0', '2.1.3' ],
53 silly audit   ajv: [ '6.12.6' ],
53 silly audit   'aki-api': [ '5.2.1' ],
53 silly audit   'amethyste-api': [ '1.1.5' ],
53 silly audit   'ansi-escapes': [ '3.2.0' ],
53 silly audit   'ansi-regex': [ '5.0.1', '2.1.1', '3.0.1', '4.1.1' ],
53 silly audit   'any-base': [ '1.1.0' ],
53 silly audit   aproba: [ '2.0.0', '1.2.0' ],
53 silly audit   'are-we-there-yet': [ '2.0.0', '1.1.7' ],
53 silly audit   argparse: [ '1.0.10' ],
53 silly audit   'array-flatten': [ '1.1.1' ],
53 silly audit   'array-includes': [ '3.1.4' ],
53 silly audit   'array.prototype.flat': [ '1.3.0' ],
53 silly audit   'ascii-table': [ '0.0.9' ],
53 silly audit   asn1: [ '0.2.6' ],
53 silly audit   'assert-plus': [ '1.0.0' ],
53 silly audit   'astral-regex': [ '1.0.0' ],
53 silly audit   'async.parallellimit': [ '0.5.2' ],
53 silly audit   'async.util.eachoflimit': [ '0.5.2' ],
53 silly audit   'async.util.isarray': [ '0.5.2' ],
53 silly audit   'async.util.isarraylike': [ '0.5.2' ],
53 silly audit   'async.util.keyiterator': [ '0.5.2' ],
53 silly audit   'async.util.keys': [ '0.5.2' ],
53 silly audit   'async.util.noop': [ '0.5.2' ],
53 silly audit   'async.util.once': [ '0.5.2' ],
53 silly audit   'async.util.onlyonce': [ '0.5.2' ],
53 silly audit   'async.util.parallel': [ '0.5.2' ],
53 silly audit   'async.util.restparam': [ '0.5.2' ],
53 silly audit   asynckit: [ '0.4.0' ],
53 silly audit   atob: [ '2.1.2' ],
53 silly audit   'aws-sign2': [ '0.7.0' ],
53 silly audit   aws4: [ '1.11.0' ],
53 silly audit   axios: [ '0.21.4' ],
53 silly audit   'balanced-match': [ '1.0.2' ],
53 silly audit   'base64-js': [ '1.5.1' ],
53 silly audit   'bcrypt-pbkdf': [ '1.0.2' ],
53 silly audit   bent: [ '7.3.12' ],
53 silly audit   'better-sqlite3': [ '7.5.1' ],
53 silly audit   bindings: [ '1.5.0' ],
53 silly audit   bl: [ '2.2.1', '4.1.0' ],
53 silly audit   'readable-stream': [ '2.3.7', '3.6.0' ],
53 silly audit   'safe-buffer': [ '5.1.2', '5.2.1' ],
53 silly audit   string_decoder: [ '1.1.1', '1.3.0' ],
53 silly audit   bluebird: [ '3.5.1' ],
53 silly audit   'bmp-js': [ '0.1.0' ],
53 silly audit   'body-parser': [ '1.19.2' ],
53 silly audit   boolbase: [ '1.0.0' ],
53 silly audit   boolstring: [ '1.0.2' ],
53 silly audit   'brace-expansion': [ '1.1.11' ],
53 silly audit   'browser-process-hrtime': [ '1.0.0' ],
53 silly audit   bson: [ '1.1.6', '4.6.2' ],
53 silly audit   buffer: [ '5.7.1' ],
53 silly audit   'buffer-equal': [ '0.0.1' ],
53 silly audit   'builtin-modules': [ '1.1.1' ],
53 silly audit   bytes: [ '3.1.2' ],
53 silly audit   bytesish: [ '0.4.4' ],
53 silly audit   'cacheable-lookup': [ '5.0.4' ],
53 silly audit   'cacheable-request': [ '7.0.2' ],
53 silly audit   'get-stream': [ '5.2.0', '6.0.1', '3.0.0' ],
53 silly audit   'call-bind': [ '1.0.2' ],
53 silly audit   callsites: [ '3.1.0' ],
53 silly audit   canvas: [ '2.9.1' ],
53 silly audit   'capture-stack-trace': [ '1.0.1' ],
53 silly audit   caseless: [ '0.12.0' ],
53 silly audit   chardet: [ '0.7.0' ],
53 silly audit   cheerio: [ '1.0.0-rc.10' ],
53 silly audit   'cheerio-select': [ '1.6.0' ],
53 silly audit   'dom-serializer': [ '1.4.1', '0.2.2' ],
53 silly audit   domelementtype: [ '2.3.0', '1.3.1' ],
53 silly audit   domhandler: [ '4.3.1', '2.4.2' ],
53 silly audit   domutils: [ '2.8.0', '1.7.0' ],
53 silly audit   entities: [ '2.2.0', '1.1.2' ],
53 silly audit   htmlparser2: [ '6.1.0', '3.10.1' ],
53 silly audit   chownr: [ '2.0.0', '1.1.4' ],
53 silly audit   'cli-color': [ '1.2.0' ],
53 silly audit   'cli-cursor': [ '2.1.0' ],
53 silly audit   'cli-width': [ '2.2.1' ],
53 silly audit   'clone-response': [ '1.0.2' ],
53 silly audit   'code-point-at': [ '1.1.0' ],
53 silly audit   'color-support': [ '1.1.3' ],
53 silly audit   'combined-stream': [ '1.0.8' ],
53 silly audit   commander: [ '2.20.3' ],
53 silly audit   'common-tags': [ '1.8.2' ],
53 silly audit   'complex.js': [ '2.1.1' ],
53 silly audit   'component-emitter': [ '1.3.0' ],
53 silly audit   'compress-brotli': [ '1.3.6' ],
53 silly audit   'concat-map': [ '0.0.1' ],
53 silly audit   'confusing-browser-globals': [ '1.0.11' ],
53 silly audit   'console-control-strings': [ '1.1.0' ],
53 silly audit   'content-disposition': [ '0.5.4' ],
53 silly audit   'content-type': [ '1.0.4' ],
53 silly audit   cookie: [ '0.4.2' ],
53 silly audit   'cookie-signature': [ '1.0.6' ],
53 silly audit   cookiejar: [ '2.1.3' ],
53 silly audit   'core-util-is': [ '1.0.2' ],
53 silly audit   'create-error-class': [ '3.0.2' ],
53 silly audit   'cross-fetch': [ '3.1.5' ],
53 silly audit   'cross-spawn': [ '7.0.3', '6.0.5' ],
53 silly audit   'css-select': [ '4.3.0' ],
53 silly audit   'css-what': [ '6.1.0' ],
53 silly audit   cssom: [ '0.4.4', '0.3.8' ],
53 silly audit   cssstyle: [ '2.3.0' ],
53 silly audit   d: [ '1.0.1' ],
53 silly audit   dargs: [ '7.0.0' ],
53 silly audit   dashdash: [ '1.14.1' ],
53 silly audit   dasu: [ '0.4.3' ],
53 silly audit   'data-urls': [ '2.0.0' ],
53 silly audit   tr46: [ '2.1.0', '3.0.0', '0.0.3' ],
53 silly audit   'whatwg-url': [ '8.7.0', '11.0.0', '5.0.0' ],
53 silly audit   'decimal.js': [ '10.3.1' ],
53 silly audit   'decompress-response': [ '6.0.0', '4.2.1' ],
53 silly audit   'mimic-response': [ '3.1.0', '1.0.1', '2.1.0' ],
53 silly audit   'deep-extend': [ '0.6.0' ],
53 silly audit   'deep-is': [ '0.1.4' ],
53 silly audit   deepmerge: [ '4.2.2' ],
53 silly audit   'defer-to-connect': [ '2.0.1' ],
53 silly audit   'define-properties': [ '1.1.4' ],
53 silly audit   'delayed-stream': [ '1.0.0' ],
53 silly audit   delegates: [ '1.0.0' ],
53 silly audit   denque: [ '1.5.1', '2.0.1' ],
53 silly audit   depd: [ '1.1.2' ],
53 silly audit   destroy: [ '1.0.4' ],
53 silly audit   'detect-libc': [ '2.0.1' ],
53 silly audit   diff: [ '4.0.2' ],
53 silly audit   'discord-api-types': [ '0.26.1' ],
53 silly audit   'discord-battleship': [ '1.0.4' ],
53 silly audit   'discord-giveaways': [ '4.5.1' ],
53 silly audit   'discord-image-generation': [ '1.4.13' ],
53 silly audit   'discord-math': [ '1.0.5' ],
53 silly audit   'discord-ytdl-core': [ '5.0.4' ],
53 silly audit   'discord.js-akinator': [ '2.1.0' ],
53 silly audit   distube: [ '3.3.4' ],
53 silly audit   doctrine: [ '3.0.0', '2.1.0' ],
53 silly audit   'dom-walk': [ '0.1.2' ],
53 silly audit   domexception: [ '2.0.1' ],
53 silly audit   'webidl-conversions': [ '5.0.0', '7.0.0', '6.1.0', '3.0.1' ],
53 silly audit   dotenv: [ '10.0.0' ],
53 silly audit   duplexer3: [ '0.1.4' ],
53 silly audit   'easy-games-js': [ '1.2.1' ],
53 silly audit   'ecc-jsbn': [ '0.1.2' ],
53 silly audit   'ee-first': [ '1.1.1' ],
53 silly audit   'emoji-regex': [ '8.0.0', '7.0.3' ],
53 silly audit   encodeurl: [ '1.0.2' ],
53 silly audit   encoding: [ '0.1.13' ],
53 silly audit   'iconv-lite': [ '0.6.3', '0.4.24' ],
53 silly audit   'end-of-stream': [ '1.4.4' ],
53 silly audit   'es-abstract': [ '1.19.5' ],
53 silly audit   'es-shim-unscopables': [ '1.0.0' ],
53 silly audit   'es-to-primitive': [ '1.2.1' ],
53 silly audit   'es5-ext': [ '0.10.60' ],
53 silly audit   'es6-iterator': [ '2.0.3' ],
53 silly audit   'es6-symbol': [ '3.1.3' ],
53 silly audit   'es6-weak-map': [ '2.0.3' ],
53 silly audit   'escape-html': [ '1.0.3' ],
53 silly audit   'escape-latex': [ '1.2.0' ],
53 silly audit   'escape-string-regexp': [ '1.0.5' ],
53 silly audit   escodegen: [ '2.0.0' ],
53 silly audit   estraverse: [ '5.3.0', '4.3.0' ],
53 silly audit   eslint: [ '5.16.0' ],
53 silly audit   'eslint-config-airbnb-base': [ '14.2.1' ],
53 silly audit   'eslint-import-resolver-node': [ '0.3.6' ],
53 silly audit   'eslint-module-utils': [ '2.7.3' ],
53 silly audit   'eslint-plugin-import': [ '2.26.0' ],
53 silly audit   'eslint-scope': [ '4.0.3' ],
53 silly audit   'eslint-utils': [ '1.4.3' ],
53 silly audit   'eslint-visitor-keys': [ '1.3.0' ],
53 silly audit   'path-key': [ '2.0.1', '3.1.1' ],
53 silly audit   semver: [ '5.7.1', '6.3.0', '7.3.7' ],
53 silly audit   'shebang-command': [ '1.2.0', '2.0.0' ],
53 silly audit   'shebang-regex': [ '1.0.0', '3.0.0' ],
53 silly audit   'strip-ansi': [ '4.0.0', '5.2.0', '3.0.1', '6.0.1' ],
53 silly audit   which: [ '1.3.1', '2.0.2' ],
53 silly audit   espree: [ '5.0.1' ],
53 silly audit   esprima: [ '4.0.1' ],
53 silly audit   esquery: [ '1.4.0' ],
53 silly audit   esrecurse: [ '4.3.0' ],
53 silly audit   esutils: [ '2.0.3' ],
53 silly audit   etag: [ '1.8.1' ],
53 silly audit   'event-emitter': [ '0.3.5' ],
53 silly audit   'event-target-shim': [ '5.0.1' ],
53 silly audit   eventemitter3: [ '1.2.0' ],
53 silly audit   execa: [ '5.1.1' ],
53 silly audit   'exif-parser': [ '0.1.12' ],
53 silly audit   'expand-template': [ '2.0.3' ],
53 silly audit   express: [ '4.17.3' ],
53 silly audit   ext: [ '1.6.0' ],
53 silly audit   type: [ '2.6.0', '1.2.0' ],
53 silly audit   extend: [ '3.0.2' ],
53 silly audit   'external-editor': [ '3.1.0' ],
53 silly audit   extsprintf: [ '1.3.0' ],
53 silly audit   'fast-deep-equal': [ '3.1.3' ],
53 silly audit   'fast-json-stable-stringify': [ '2.1.0' ],
53 silly audit   'fast-levenshtein': [ '2.0.6' ],
53 silly audit   'fast-safe-stringify': [ '2.1.1' ],
53 silly audit   figlet: [ '1.5.2' ],
53 silly audit   figures: [ '2.0.0' ],
53 silly audit   'file-entry-cache': [ '5.0.1' ],
53 silly audit   'file-type': [ '9.0.0' ],
53 silly audit   'file-uri-to-path': [ '1.0.0' ],
53 silly audit   finalhandler: [ '1.1.2' ],
53 silly audit   'find-up': [ '2.1.0' ],
53 silly audit   'flat-cache': [ '2.0.1' ],
53 silly audit   rimraf: [ '2.6.3', '3.0.2' ],
53 silly audit   flatted: [ '2.0.2' ],
53 silly audit   'follow-redirects': [ '1.14.9' ],
53 silly audit   'forever-agent': [ '0.6.1' ],
53 silly audit   formidable: [ '1.2.6' ],
53 silly audit   forwarded: [ '0.2.0' ],
53 silly audit   'fraction.js': [ '4.2.0' ],
53 silly audit   fresh: [ '0.5.2' ],
53 silly audit   'fs-constants': [ '1.0.0' ],
53 silly audit   'fs-minipass': [ '2.1.0' ],
53 silly audit   'fs.realpath': [ '1.0.0' ],
53 silly audit   'function-bind': [ '1.1.1' ],
53 silly audit   'functional-red-black-tree': [ '1.0.1' ],
53 silly audit   gauge: [ '3.0.2', '2.7.4' ],
53 silly audit   'get-intrinsic': [ '1.1.1' ],
53 silly audit   'get-symbol-description': [ '1.0.0' ],
53 silly audit   getpass: [ '0.1.7' ],
53 silly audit   gifencoder: [ '2.0.1' ],
53 silly audit   gifwrap: [ '0.9.4' ],
53 silly audit   'github-from-package': [ '0.0.0' ],
53 silly audit   glob: [ '7.2.0' ],
53 silly audit   global: [ '4.4.0' ],
53 silly audit   globals: [ '11.12.0' ],
53 silly audit   got: [ '11.8.3', '6.7.1' ],
53 silly audit   'har-schema': [ '2.0.0' ],
53 silly audit   'har-validator': [ '5.1.5' ],
53 silly audit   has: [ '1.0.3' ],
53 silly audit   'has-bigints': [ '1.0.1' ],
53 silly audit   'has-property-descriptors': [ '1.0.0' ],
53 silly audit   'has-symbols': [ '1.0.3' ],
53 silly audit   'has-tostringtag': [ '1.0.0' ],
53 silly audit   'has-unicode': [ '2.0.1' ],
53 silly audit   he: [ '1.2.0' ],
53 silly audit   himalaya: [ '1.1.0' ],
53 silly audit   'html-encoding-sniffer': [ '2.0.1' ],
53 silly audit   'html-entities': [ '2.3.3' ],
53 silly audit   'html-to-text': [ '5.1.1' ],
53 silly audit   'http-cache-semantics': [ '4.1.0' ],
53 silly audit   'http-errors': [ '1.8.1' ],
53 silly audit   'http-proxy-agent': [ '4.0.1' ],
53 silly audit   'http-signature': [ '1.2.0' ],
53 silly audit   'http2-wrapper': [ '1.0.3' ],
53 silly audit   'https-proxy-agent': [ '5.0.1' ],
53 silly audit   'human-signals': [ '2.1.0' ],
53 silly audit   'human-time': [ '0.0.2' ],
53 silly audit   ieee754: [ '1.2.1' ],
53 silly audit   ignore: [ '4.0.6' ],
53 silly audit   'image-q': [ '4.0.0' ],
53 silly audit   'import-fresh': [ '3.3.0' ],
53 silly audit   imurmurhash: [ '0.1.4' ],
53 silly audit   inflight: [ '1.0.6' ],
53 silly audit   inherits: [ '2.0.4' ],
53 silly audit   ini: [ '1.3.8' ],
53 silly audit   inquirer: [ '6.5.2' ],
53 silly audit   'is-fullwidth-code-point': [ '2.0.0', '3.0.0', '1.0.0' ],
53 silly audit   'string-width': [ '2.1.1', '1.0.2', '4.2.3', '3.1.0' ],
53 silly audit   'internal-slot': [ '1.0.3' ],
53 silly audit   ip: [ '1.1.5' ],
53 silly audit   'ipaddr.js': [ '1.9.1' ],
53 silly audit   'is-bigint': [ '1.0.4' ],
53 silly audit   'is-boolean-object': [ '1.1.2' ],
53 silly audit   'is-callable': [ '1.2.4' ],
53 silly audit   'is-core-module': [ '2.8.1' ],
53 silly audit   'is-date-object': [ '1.0.5' ],
53 silly audit   'is-extglob': [ '2.1.1' ],
53 silly audit   'is-function': [ '1.0.2' ],
53 silly audit   'is-glob': [ '4.0.3' ],
53 silly audit   'is-negative-zero': [ '2.0.2' ],
53 silly audit   'is-number-object': [ '1.0.7' ],
53 silly audit   'is-potential-custom-element-name': [ '1.0.1' ],
53 silly audit   'is-promise': [ '2.2.2' ],
53 silly audit   'is-redirect': [ '1.0.0' ],
53 silly audit   'is-regex': [ '1.1.4' ],
53 silly audit   'is-retry-allowed': [ '1.2.0' ],
53 silly audit   'is-shared-array-buffer': [ '1.0.2' ],
53 silly audit   'is-stream': [ '2.0.1', '1.1.0' ],
53 silly audit   'is-string': [ '1.0.7' ],
53 silly audit   'is-symbol': [ '1.0.4' ],
53 silly audit   'is-typedarray': [ '1.0.0' ],
53 silly audit   'is-unix': [ '1.0.1' ],
53 silly audit   'is-weakref': [ '1.0.2' ],
53 silly audit   isarray: [ '1.0.0' ],
53 silly audit   isexe: [ '2.0.0' ],
53 silly audit   isstream: [ '0.1.2' ],
53 silly audit   'javascript-natural-sort': [ '0.7.1' ],
53 silly audit   jimp: [ '0.16.1' ],
53 silly audit   'jpeg-js': [ '0.4.2' ],
53 silly audit   jquery: [ '3.6.0' ],
53 silly audit   'js-tokens': [ '4.0.0' ],
53 silly audit   'js-yaml': [ '3.14.1' ],
53 silly audit   jsbn: [ '0.1.1' ],
53 silly audit   jsdom: [ '16.7.0' ],
53 silly audit   'json-buffer': [ '3.0.1' ],
53 silly audit   'json-schema': [ '0.4.0' ],
53 silly audit   'json-schema-traverse': [ '0.4.1' ],
53 silly audit   'json-stable-stringify-without-jsonify': [ '1.0.1' ],
53 silly audit   'json-stringify-safe': [ '5.0.1' ],
53 silly audit   json5: [ '1.0.1' ],
53 silly audit   'jsonpath-plus': [ '5.0.7' ],
53 silly audit   jsprim: [ '1.4.2' ],
53 silly audit   kareem: [ '2.3.2', '2.3.5' ],
53 silly audit   keypress: [ '0.2.1' ],
53 silly audit   keyv: [ '4.2.2' ],
53 silly audit   levn: [ '0.3.0' ],
53 silly audit   libsodium: [ '0.7.10' ],
53 silly audit   'libsodium-wrappers': [ '0.7.10' ],
53 silly audit   'load-bmfont': [ '1.4.1' ],
53 silly audit   'locate-path': [ '2.0.0' ],
53 silly audit   lodash: [ '4.17.21' ],
53 silly audit   'lowercase-keys': [ '2.0.0', '1.0.1' ],
53 silly audit   'lru-cache': [ '6.0.0' ],
53 silly audit   'lru-queue': [ '0.1.0' ],
53 silly audit   'lyrics-finder': [ '21.7.0' ],
53 silly audit   m3u8stream: [ '0.8.6' ],
53 silly audit   'make-dir': [ '3.1.0' ],
53 silly audit   'math-expression-evaluator': [ '1.3.14' ],
53 silly audit   mathjs: [ '9.5.2' ],
53 silly audit   'media-typer': [ '0.3.0' ],
53 silly audit   memoizee: [ '0.4.15' ],
53 silly audit   'memory-pager': [ '1.5.0' ],
53 silly audit   'merge-descriptors': [ '1.0.1' ],
53 silly audit   'merge-stream': [ '2.0.0' ],
53 silly audit   methods: [ '1.1.2' ],
53 silly audit   mime: [ '1.6.0', '2.6.0' ],
53 silly audit   'mime-db': [ '1.52.0' ],
53 silly audit   'mime-types': [ '2.1.35' ],
53 silly audit   'mimic-fn': [ '2.1.0', '1.2.0' ],
53 silly audit   'min-document': [ '2.19.0' ],
53 silly audit   miniget: [ '4.2.2' ],
53 silly audit   minimatch: [ '3.1.2', '3.0.8' ],
53 silly audit   minimist: [ '1.2.6' ],
53 silly audit   minipass: [ '3.1.6' ],
53 silly audit   minizlib: [ '2.1.2' ],
53 silly audit   'mkdirp-classic': [ '0.5.3' ],
53 silly audit   moment: [ '2.29.3' ],
53 silly audit   'moment-timezone': [ '0.5.34' ],
53 silly audit   mongodb: [ '3.7.3', '4.5.0' ],
53 silly audit   'mongodb-connection-string-url': [ '2.5.2' ],
53 silly audit   'optional-require': [ '1.1.8', '1.0.3' ],
53 silly audit   mongoose: [ '5.13.14', '6.3.0' ],
53 silly audit   'mongoose-legacy-pluralize': [ '1.0.2' ],
53 silly audit   mpath: [ '0.8.4' ],
53 silly audit   mquery: [ '3.2.5', '4.0.2' ],
53 silly audit   'mute-stream': [ '0.0.7' ],
53 silly audit   nan: [ '2.15.0' ],
53 silly audit   'napi-build-utils': [ '1.0.2' ],
53 silly audit   'natural-compare': [ '1.4.0' ],
53 silly audit   negotiator: [ '0.6.3' ],
53 silly audit   'nekos.life': [ '2.0.9' ],
53 silly audit   'next-tick': [ '1.1.0' ],
53 silly audit   'nice-try': [ '1.0.5' ],
53 silly audit   'node-abi': [ '3.8.0' ],
53 silly audit   'node-fetch': [ '2.6.7' ],
53 silly audit   'node-fzf': [ '0.5.3' ],
53 silly audit   nopt: [ '5.0.0' ],
53 silly audit   'normalize-url': [ '6.1.0' ],
53 silly audit   'npm-run-path': [ '4.0.1' ],
53 silly audit   npmlog: [ '5.0.1', '4.1.2' ],
53 silly audit   'nth-check': [ '2.0.1' ],
53 silly audit   'number-is-nan': [ '1.0.1' ],
53 silly audit   nwsapi: [ '2.2.0' ],
53 silly audit   'oauth-sign': [ '0.9.0' ],
53 silly audit   'object-assign': [ '4.1.1' ],
53 silly audit   'object-inspect': [ '1.12.0' ],
53 silly audit   'object-keys': [ '1.1.1' ],
53 silly audit   'object.assign': [ '4.1.2' ],
53 silly audit   'object.entries': [ '1.1.5' ],
53 silly audit   'object.values': [ '1.1.5' ],
53 silly audit   'old-wio.db': [ '4.0.10' ],
53 silly audit   omggif: [ '1.0.10' ],
53 silly audit   'on-finished': [ '2.3.0' ],
53 silly audit   once: [ '1.4.0' ],
53 silly audit   onetime: [ '5.1.2', '2.0.1' ],
53 silly audit   optionator: [ '0.8.3' ],
53 silly audit   'os-tmpdir': [ '1.0.2' ],
53 silly audit   'p-cancelable': [ '2.1.1' ],
53 silly audit   'p-event': [ '4.2.0' ],
53 silly audit   'p-finally': [ '1.0.0' ],
53 silly audit   'p-limit': [ '1.3.0' ],
53 silly audit   'p-locate': [ '2.0.0' ],
53 silly audit   'p-reflect': [ '2.1.0' ],
53 silly audit   'p-timeout': [ '3.2.0' ],
53 silly audit   'p-try': [ '1.0.0' ],
53 silly audit   pako: [ '1.0.11' ],
53 silly audit   'parent-module': [ '1.0.1' ],
53 silly audit   'parse-bmfont-ascii': [ '1.0.6' ],
53 silly audit   'parse-bmfont-binary': [ '1.0.6' ],
53 silly audit   'parse-bmfont-xml': [ '1.1.4' ],
53 silly audit   'parse-headers': [ '2.0.5' ],
53 silly audit   'parse-ms': [ '2.1.0' ],
53 silly audit   parse5: [ '6.0.1' ],
53 silly audit   'parse5-htmlparser2-tree-adapter': [ '6.0.1' ],
53 silly audit   parseurl: [ '1.3.3' ],
53 silly audit   'path-exists': [ '3.0.0' ],
53 silly audit   'path-is-absolute': [ '1.0.1' ],
53 silly audit   'path-is-inside': [ '1.0.2' ],
53 silly audit   'path-parse': [ '1.0.7' ],
53 silly audit   'path-to-regexp': [ '0.1.7' ],
53 silly audit   'performance-now': [ '2.1.0' ],
53 silly audit   phin: [ '2.9.3' ],
53 silly audit   pixelmatch: [ '4.0.2' ],
53 silly audit   pngjs: [ '3.4.0' ],
53 silly audit   'popcat-wrapper': [ '1.5.1' ],
53 silly audit   sift: [ '16.0.0', '13.5.2' ],
53 silly audit   'prebuild-install': [ '7.0.1' ],
53 silly audit   'simple-get': [ '4.0.1', '3.1.1' ],
53 silly audit   'prelude-ls': [ '1.1.2' ],
53 silly audit   'prepend-http': [ '1.0.4' ],
53 silly audit   'pretty-ms': [ '7.0.1' ],
53 silly audit   'prism-media': [ '1.3.3' ],
53 silly audit   process: [ '0.11.10' ],
53 silly audit   'process-nextick-args': [ '2.0.1' ],
53 silly audit   progress: [ '2.0.3' ],
53 silly audit   'proxy-addr': [ '2.0.7' ],
53 silly audit   psl: [ '1.8.0' ],
53 silly audit   pump: [ '3.0.0' ],
53 silly audit   punycode: [ '2.1.1' ],
53 silly audit   qs: [ '6.9.7', '6.5.3' ],
53 silly audit   'quick-lru': [ '5.1.1' ],
53 silly audit   'quick.db': [ '7.1.3' ],
53 silly audit   'random-puppy': [ '1.1.0' ],
53 silly audit   randombytes: [ '2.1.0' ],
53 silly audit   'range-parser': [ '1.2.1' ],
53 silly audit   'raw-body': [ '2.4.3' ],
53 silly audit   rc: [ '1.2.8' ],
53 silly audit   'readline-sync': [ '1.4.10' ],
53 silly audit   reconlx: [ '1.4.511' ],
53 silly audit   redstar: [ '0.0.2' ],
53 silly audit   'regenerator-runtime': [ '0.13.9' ],
53 silly audit   'regexp-clone': [ '1.0.0' ],
53 silly audit   regexpp: [ '2.0.1' ],
53 silly audit   request: [ '2.88.2' ],
53 silly audit   'request-promise': [ '4.2.6' ],
53 silly audit   'request-promise-core': [ '1.1.4' ],
53 silly audit   'tough-cookie': [ '2.5.0', '4.0.0' ],
53 silly audit   'require-at': [ '1.0.6' ],
53 silly audit   resolve: [ '1.22.0' ],
53 silly audit   'resolve-alpn': [ '1.2.1' ],
53 silly audit   'resolve-from': [ '4.0.0' ],
53 silly audit   responselike: [ '2.0.0' ],
53 silly audit   'restore-cursor': [ '2.0.0' ],
53 silly audit   'run-async': [ '2.4.1' ],
53 silly audit   rxjs: [ '6.6.7' ],
53 silly audit   tslib: [ '1.14.1', '2.3.1' ],
53 silly audit   'safer-buffer': [ '2.1.2' ],
53 silly audit   saslprep: [ '1.0.3' ],
53 silly audit   sax: [ '1.2.4' ],
53 silly audit   saxes: [ '5.0.1' ],
53 silly audit   'scrape-yt': [ '1.4.8' ],
53 silly audit   seedrandom: [ '3.0.5' ],
53 silly audit   send: [ '0.17.2' ],
53 silly audit   'serialize-javascript': [ '5.0.1' ],
53 silly audit   'serve-static': [ '1.14.2' ],
53 silly audit   'set-blocking': [ '2.0.0' ],
53 silly audit   setimmediate: [ '1.0.5' ],
53 silly audit   setprototypeof: [ '1.2.0' ],
53 silly audit   'side-channel': [ '1.0.4' ],
53 silly audit   'signal-exit': [ '3.0.7' ],
53 silly audit   'simple-concat': [ '1.0.1' ],
53 silly audit   'slice-ansi': [ '2.1.0' ],
53 silly audit   sliced: [ '1.0.1' ],
53 silly audit   'smart-buffer': [ '4.2.0' ],
53 silly audit   snekfetch: [ '4.0.4' ],
53 silly audit   socks: [ '2.6.2' ],
53 silly audit   'soundcloud-scraper': [ '5.0.2' ],
53 silly audit   'source-map': [ '0.6.1' ],
53 silly audit   'sparse-bitfield': [ '3.0.3' ],
53 silly audit   'spotify-uri': [ '2.2.2' ],
53 silly audit   'spotify-url-info': [ '2.2.9' ],
53 silly audit   'sprintf-js': [ '1.0.3' ],
53 silly audit   'srod-v2': [ '1.0.2' ],
53 silly audit   sshpk: [ '1.17.0' ],
53 silly audit   statuses: [ '1.5.0' ],
53 silly audit   'stealthy-require': [ '1.1.1' ],
53 silly audit   'string.prototype.trimend': [ '1.0.4' ],
53 silly audit   'string.prototype.trimstart': [ '1.0.4' ],
53 silly audit   'strip-bom': [ '3.0.0' ],
53 silly audit   'strip-final-newline': [ '2.0.0' ],
53 silly audit   'strip-json-comments': [ '2.0.1' ],
53 silly audit   superagent: [ '6.1.0' ],
53 silly audit   'supports-preserve-symlinks-flag': [ '1.0.0' ],
53 silly audit   'symbol-tree': [ '3.2.4' ],
53 silly audit   table: [ '5.4.6' ],
53 silly audit   tar: [ '6.1.11' ],
53 silly audit   'tar-fs': [ '2.1.1' ],
53 silly audit   'tar-stream': [ '2.2.0' ],
53 silly audit   'text-table': [ '0.2.0' ],
53 silly audit   through: [ '2.3.8' ],
53 silly audit   'timed-out': [ '4.0.1' ],
53 silly audit   'timers-ext': [ '0.1.7' ],
53 silly audit   timm: [ '1.7.1' ],
53 silly audit   'tiny-emitter': [ '2.1.0' ],
53 silly audit   'tiny-typed-emitter': [ '2.1.0' ],
53 silly audit   tinycolor2: [ '1.4.2' ],
53 silly audit   tmp: [ '0.0.33' ],
53 silly audit   toidentifier: [ '1.0.1' ],
53 silly audit   'ts-mixer': [ '6.0.1' ],
53 silly audit   'tsconfig-paths': [ '3.14.1' ],
53 silly audit   tslint: [ '6.1.3' ],
53 silly audit   tsutils: [ '2.29.0' ],
53 silly audit   ttys: [ '0.0.3' ],
53 silly audit   'tunnel-agent': [ '0.6.0' ],
53 silly audit   'type-check': [ '0.3.2' ],
53 silly audit   'type-is': [ '1.6.18' ],
53 silly audit   'typed-function': [ '2.1.0' ],
53 silly audit   typescript: [ '4.6.3' ],
53 silly audit   'unbox-primitive': [ '1.0.1' ],
53 silly audit   'unique-random': [ '1.0.0' ],
53 silly audit   'unique-random-array': [ '1.0.1' ],
53 silly audit   universalify: [ '0.1.2' ],
53 silly audit   unpipe: [ '1.0.0' ],
53 silly audit   'unzip-response': [ '2.0.1' ],
53 silly audit   'uri-js': [ '4.4.1' ],
53 silly audit   'url-parse-lax': [ '1.0.0' ],
53 silly audit   utif: [ '2.0.1' ],
53 silly audit   'util-deprecate': [ '1.0.2' ],
53 silly audit   'utils-merge': [ '1.0.1' ],
53 silly audit   uuid: [ '3.4.0' ],
53 silly audit   'valid-url': [ '1.0.9' ],
53 silly audit   vary: [ '1.1.2' ],
53 silly audit   verror: [ '1.10.0' ],
53 silly audit   'w3c-hr-time': [ '1.0.2' ],
53 silly audit   'w3c-xmlserializer': [ '2.0.0' ],
53 silly audit   'weather-js': [ '2.0.0' ],
53 silly audit   weky: [ '3.1.8' ],
53 silly audit   'whatwg-encoding': [ '1.0.5' ],
53 silly audit   'whatwg-mimetype': [ '2.3.0' ],
53 silly audit   'which-boxed-primitive': [ '1.0.2' ],
53 silly audit   'wide-align': [ '1.1.5' ],
53 silly audit   'word-wrap': [ '1.2.3' ],
53 silly audit   wrappy: [ '1.0.2' ],
53 silly audit   write: [ '1.0.3' ],
53 silly audit   xhr: [ '2.6.0' ],
53 silly audit   'xml-name-validator': [ '3.0.0' ],
53 silly audit   'xml-parse-from-string': [ '1.0.1' ],
53 silly audit   xml2js: [ '0.4.23' ],
53 silly audit   xmlbuilder: [ '11.0.1' ],
53 silly audit   xmlchars: [ '2.2.0' ],
53 silly audit   xtend: [ '4.0.2' ],
53 silly audit   yallist: [ '4.0.0' ],
53 silly audit   'youtube-sr': [ '4.1.15' ],
53 silly audit   'yt-search': [ '2.10.3' ],
53 silly audit   'ytdl-core': [ '4.11.0' ],
53 silly audit   'ytdl-core-discord': [ '1.3.1' ],
53 silly audit   zod: [ '3.14.4' ],
53 silly audit   'discord-player': [ '5.2.2' ]
53 silly audit }
54 timing reify:unpack Completed in 3ms
55 timing reify:unretire Completed in 0ms
56 timing build:queue Completed in 0ms
57 timing build:deps Completed in 0ms
58 timing build Completed in 0ms
59 timing reify:build Completed in 2ms
60 timing reify:trash Completed in 0ms
61 timing reify:save Completed in 291ms
62 http fetch POST 200 https://registry.npmjs.org/-/npm/v1/security/advisories/bulk 547ms
63 timing auditReport:getReport Completed in 568ms
64 silly audit report {}
65 timing auditReport:init Completed in 0ms
66 timing reify:audit Completed in 569ms
67 timing reify Completed in 2376ms
68 timing command:install Completed in 2393ms
69 verbose exit 0
70 timing npm Completed in 2552ms
71 info ok
